<?xml version="1.0" encoding="UTF-8"?>
<!-- Generated by org.testng.reporters.JUnitReportReporter -->
<testsuite hostname="DESKTOP-EGF8AOH" failures="0" tests="1" name="com.vitiger.comcast.leads.Tc_01_OppTest" time="0.021" errors="0" timestamp="2021-09-02T23:54:49 IST" skipped="0">
  <testcase classname="com.vitiger.comcast.leads.Tc_01_OppTest" name="OppTest" time="0.021"/>
  <system-out/>
</testsuite> <!-- com.vitiger.comcast.leads.Tc_01_OppTest -->
