<?xml version="1.0" encoding="UTF-8"?>
<!-- Generated by org.testng.reporters.JUnitReportReporter -->
<testsuite hostname="DESKTOP-EGF8AOH" failures="0" tests="2" name="com.vitiger.comcast.leads.Tc_02_LeadTest" time="0.000" errors="0" timestamp="2021-09-03T00:10:35 IST" skipped="0">
  <testcase classname="com.vitiger.comcast.leads.Tc_02_LeadTest" name="leadTest" time="0.000"/>
  <system-out/>
  <testcase classname="com.vitiger.comcast.leads.Tc_02_LeadTest" name="lead2Test" time="0.000"/>
  <system-out/>
</testsuite> <!-- com.vitiger.comcast.leads.Tc_02_LeadTest -->
