<?xml version="1.0" encoding="UTF-8"?>
<!-- Generated by org.testng.reporters.JUnitReportReporter -->
<testsuite hostname="DESKTOP-EGF8AOH" failures="0" tests="2" name="com.vitiger.comcast.leads.Tc_01_OppTest" time="0.010" errors="0" timestamp="2021-09-03T00:10:35 IST" skipped="0">
  <testcase classname="com.vitiger.comcast.leads.Tc_01_OppTest" name="Opp2Test" time="0.010"/>
  <system-out/>
  <testcase classname="com.vitiger.comcast.leads.Tc_01_OppTest" name="OppTest" time="0.000"/>
  <system-out/>
</testsuite> <!-- com.vitiger.comcast.leads.Tc_01_OppTest -->
